[2016-05-30 13:57:06] START
[2016-05-30 13:57:29] CREATE HomeController.py: 0
[2016-05-30 13:58:56] EDIT BrainChaco/controllers/HomeController.py: 1
[2016-05-30 13:59:03] EDIT BrainChaco/controllers/HomeController.py: 0
[2016-05-30 13:59:23] EDIT BrainChaco/controllers/HomeController.py: 0
[2016-05-30 14:00:47] EDIT BrainChaco/controllers/HomeController.py: 1
[2016-05-30 14:01:52] CREATE HomeController/index.html: 0
[2016-05-30 14:02:37] EDIT BrainChaco/views/HomeController/index.html: 42
[2016-05-30 14:03:38] EDIT BrainChaco/controllers/HomeController.py: 0
[2016-05-30 14:04:40] EDIT BrainChaco/controllers/HomeController.py: 0
[2016-05-30 14:04:43] EDIT BrainChaco/controllers/HomeController.py: 0
[2016-05-30 14:06:52] UPLOAD C:/Users/Notebook/Desktop/web2py/applications/BrainChaco/static/logo-brain.png: 225
[2016-05-30 14:08:36] DELETE BrainChaco/static/logo-brain.png: -1
[2016-05-30 14:10:02] UPLOAD C:/Users/Notebook/Desktop/web2py/applications/BrainChaco/static/logo-brain.png: 225
[2016-05-30 14:10:48] EDIT BrainChaco/views/HomeController/index.html: 0
[2016-05-30 14:11:00] EDIT BrainChaco/views/HomeController/index.html: 0
[2016-05-30 14:14:15] CREATE images/logo.png: 0
[2016-05-30 14:16:10] EDIT BrainChaco/views/HomeController/index.html: 0
[2016-05-30 14:17:02] EDIT BrainChaco/views/HomeController/index.html: 0
[2016-05-30 14:17:39] EDIT BrainChaco/views/HomeController/index.html: 0
[2016-05-30 14:18:13] EDIT BrainChaco/views/HomeController/index.html: 0
[2016-05-30 14:25:17] EDIT BrainChaco/views/HomeController/index.html: -12
[2016-05-30 14:25:50] EDIT BrainChaco/views/HomeController/index.html: 12
[2016-05-30 14:34:14] EDIT BrainChaco/views/HomeController/index.html: -12
[2016-05-30 14:35:13] EDIT BrainChaco/views/HomeController/index.html: 12
[2016-05-30 14:39:23] EDIT BrainChaco/views/HomeController/index.html: -9
[2016-05-30 14:39:39] CREATE Head.html: 0
[2016-05-30 14:40:01] EDIT BrainChaco/views/Head.html: 6
[2016-05-30 14:40:14] EDIT BrainChaco/views/HomeController/index.html: 1
[2016-05-30 14:40:30] EDIT BrainChaco/views/HomeController/index.html: -1
[2016-05-30 14:41:16] EDIT BrainChaco/views/HomeController/index.html: 1
[2016-05-30 14:41:29] EDIT BrainChaco/views/HomeController/index.html: -1
[2016-05-30 14:42:32] EDIT BrainChaco/controllers/HomeController.py: 1
[2016-05-30 15:30:33] EDIT BrainChaco/controllers/HomeController.py: 0
[2016-05-30 15:31:16] EDIT BrainChaco/views/HomeController/index.html: 9
[2016-05-30 16:03:31] CREATE PreguntasController.py: 0
[2016-05-30 16:04:11] EDIT BrainChaco/controllers/PreguntasController.py: 2
[2016-05-30 16:04:38] CREATE PreguntasController/index.html: 0
[2016-05-30 16:05:03] EDIT BrainChaco/views/PreguntasController/index.html: 0
[2016-05-30 16:06:24] EDIT BrainChaco/views/HomeController/index.html: 0
[2016-05-30 16:06:37] EDIT BrainChaco/views/HomeController/index.html: 0
[2016-05-30 16:07:13] EDIT BrainChaco/views/HomeController/index.html: 0
[2016-05-30 16:07:33] EDIT BrainChaco/controllers/PreguntasController.py: 0
[2016-05-30 16:07:56] EDIT BrainChaco/controllers/PreguntasController.py: 0
[2016-05-30 16:07:57] EDIT BrainChaco/controllers/PreguntasController.py: 0
[2016-05-30 16:10:37] EDIT BrainChaco/views/PreguntasController/index.html: 30
[2016-05-30 16:11:07] EDIT BrainChaco/views/PreguntasController/index.html: 0
[2016-05-30 16:12:23] EDIT BrainChaco/views/PreguntasController/index.html: 12
[2016-05-30 16:12:55] EDIT BrainChaco/views/PreguntasController/index.html: -12
[2016-05-30 16:14:28] EDIT BrainChaco/views/PreguntasController/index.html: -1
[2016-05-30 16:15:11] EDIT BrainChaco/views/PreguntasController/index.html: 0
[2016-05-30 16:20:03] EDIT BrainChaco/views/PreguntasController/index.html: -1
[2016-05-30 16:20:48] DELETE BrainChaco/static/logo-brain.png: -1
[2016-05-30 16:22:50] EDIT BrainChaco/views/PreguntasController/index.html: 0
[2016-05-30 16:23:32] EDIT BrainChaco/views/PreguntasController/index.html: 2
[2016-05-30 16:24:15] EDIT BrainChaco/views/PreguntasController/index.html: -17
[2016-05-30 16:24:15] EDIT BrainChaco/views/PreguntasController/index.html: 0
[2016-05-30 16:24:21] EDIT BrainChaco/views/PreguntasController/index.html: -1
[2016-05-30 16:28:49] CREATE PreguntasController/prueba.html: 0
[2016-05-30 16:29:23] EDIT BrainChaco/views/PreguntasController/prueba.html: 13
[2016-05-30 16:29:45] EDIT BrainChaco/controllers/PreguntasController.py: 0
[2016-05-30 16:31:07] EDIT BrainChaco/views/PreguntasController/prueba.html: 0
[2016-05-30 16:31:28] EDIT BrainChaco/views/PreguntasController/prueba.html: 3
[2016-05-30 16:32:12] DELETE BrainChaco/views/PreguntasController/prueba.html: -19
[2016-05-30 16:32:28] EDIT BrainChaco/controllers/PreguntasController.py: 0
[2016-05-30 16:41:41] EDIT BrainChaco/views/PreguntasController/index.html: -2
[2016-05-30 16:42:08] EDIT BrainChaco/views/PreguntasController/index.html: 0
[2016-05-30 16:43:07] EDIT BrainChaco/views/PreguntasController/index.html: 0
[2016-05-30 16:43:18] EDIT BrainChaco/views/PreguntasController/index.html: 0
[2016-05-31 11:03:42] EDIT BrainChaco/views/HomeController/index.html: 1
[2016-05-31 11:04:36] EDIT BrainChaco/views/HomeController/index.html: 0
[2016-05-31 11:05:07] EDIT BrainChaco/views/HomeController/index.html: 0
[2016-05-31 11:05:32] EDIT BrainChaco/views/HomeController/index.html: 0
[2016-05-31 11:05:54] EDIT BrainChaco/views/HomeController/index.html: -1
[2016-05-31 11:06:43] EDIT BrainChaco/views/HomeController/index.html: 0
[2016-05-31 11:07:09] EDIT BrainChaco/views/HomeController/index.html: 0
[2016-05-31 11:07:13] EDIT BrainChaco/views/HomeController/index.html: 0
[2016-05-31 11:07:26] EDIT BrainChaco/views/HomeController/index.html: 0
[2016-05-31 11:07:29] EDIT BrainChaco/views/HomeController/index.html: 0
[2016-05-31 11:08:00] EDIT BrainChaco/views/HomeController/index.html: 0
[2016-05-31 11:08:34] EDIT BrainChaco/views/HomeController/index.html: 0
[2016-05-31 11:08:50] EDIT BrainChaco/views/HomeController/index.html: 0
[2016-05-31 11:29:14] EDIT BrainChaco/views/HomeController/index.html: 0
[2016-05-31 11:40:44] EDIT BrainChaco/views/HomeController/index.html: 0
[2016-05-31 12:53:39] DELETE BrainChaco/views/Head.html: -9
[2016-06-04 12:44:20] EDIT BrainChaco/models/db.py: 0
[2016-06-04 12:48:20] EDIT BrainChaco/models/db.py: 0
[2016-06-04 12:49:04] EDIT BrainChaco/models/db.py: 0
[2016-06-04 12:50:36] EDIT BrainChaco/models/db.py: 14
[2016-06-04 12:50:43] EDIT BrainChaco/models/db.py: -1
[2016-06-04 12:50:45] EDIT BrainChaco/models/db.py: 0
[2016-06-04 12:50:45] EDIT BrainChaco/models/db.py: 0
[2016-06-04 12:50:45] EDIT BrainChaco/models/db.py: 0
[2016-06-04 12:50:45] EDIT BrainChaco/models/db.py: 0
[2016-06-04 12:50:45] EDIT BrainChaco/models/db.py: 0
[2016-06-04 12:50:46] EDIT BrainChaco/models/db.py: 0
[2016-06-04 12:50:46] EDIT BrainChaco/models/db.py: 0
[2016-06-04 12:50:46] EDIT BrainChaco/models/db.py: 0
[2016-06-04 12:50:57] EDIT BrainChaco/models/db.py: 0
[2016-06-04 12:52:32] EDIT BrainChaco/models/db.py: 0
[2016-06-04 13:04:13] EDIT BrainChaco/models/db.py: -10
[2016-06-04 13:05:37] EDIT BrainChaco/models/db.py: 9
[2016-06-04 13:06:19] EDIT BrainChaco/models/db.py: 0
[2016-06-04 13:06:27] EDIT BrainChaco/models/db.py: 0
[2016-06-04 13:06:30] EDIT BrainChaco/models/db.py: 0
[2016-06-04 13:06:42] EDIT BrainChaco/models/db.py: 0
[2016-06-04 13:06:50] EDIT BrainChaco/models/db.py: 0
[2016-06-04 13:07:05] EDIT BrainChaco/models/db.py: 1
[2016-06-04 13:07:16] EDIT BrainChaco/models/db.py: 0
[2016-06-04 13:07:24] EDIT BrainChaco/models/db.py: -5
[2016-06-04 13:10:31] EDIT BrainChaco/models/db.py: 0
[2016-06-04 13:11:03] EDIT BrainChaco/models/db.py: 0
[2016-06-04 13:11:27] EDIT BrainChaco/models/db.py: 0
[2016-06-04 13:12:05] EDIT BrainChaco/models/db.py: 0
[2016-06-04 13:12:10] EDIT BrainChaco/models/db.py: 0
[2016-06-04 13:12:28] EDIT BrainChaco/models/db.py: 0
[2016-06-04 13:12:54] EDIT BrainChaco/models/db.py: 0
[2016-06-04 13:14:44] EDIT BrainChaco/models/db.py: -5
[2016-06-04 13:17:06] EDIT BrainChaco/models/db.py: 0
[2016-06-04 13:18:03] EDIT BrainChaco/models/db.py: -3
[2016-06-04 13:19:00] EDIT BrainChaco/databases/sql.log: -7
[2016-06-04 13:19:17] EDIT BrainChaco/databases/sql.log: 5
[2016-06-04 13:19:58] EDIT BrainChaco/databases/sql.log: 0
[2016-06-04 21:43:41] EDIT BrainChaco/models/db.py: 6
[2016-06-04 21:44:11] EDIT BrainChaco/models/db.py: 0
[2016-06-04 21:45:17] EDIT BrainChaco/models/db.py: -6
[2016-06-04 21:45:17] EDIT BrainChaco/models/db.py: 0
[2016-06-04 21:46:19] EDIT BrainChaco/models/db.py: 0
[2016-06-04 21:47:17] EDIT BrainChaco/models/db.py: 0
[2016-06-04 21:48:26] EDIT BrainChaco/models/db.py: 0
[2016-06-04 21:49:04] EDIT BrainChaco/models/db.py: 0
[2016-06-04 21:49:34] EDIT BrainChaco/models/db.py: -3
[2016-06-04 21:50:23] EDIT BrainChaco/models/db.py: 0
[2016-06-04 21:50:49] EDIT BrainChaco/models/db.py: 0
[2016-06-05 01:40:28] EDIT BrainChaco/controllers/PreguntasController.py: 2
[2016-06-05 01:41:01] EDIT BrainChaco/controllers/PreguntasController.py: 0
[2016-06-05 01:41:06] EDIT BrainChaco/controllers/PreguntasController.py: -1
[2016-06-05 01:41:25] EDIT BrainChaco/controllers/PreguntasController.py: 0
[2016-06-05 01:41:27] EDIT BrainChaco/controllers/PreguntasController.py: 0
[2016-06-05 01:42:33] EDIT BrainChaco/views/PreguntasController/index.html: 5
[2016-06-05 01:42:45] EDIT BrainChaco/views/PreguntasController/index.html: 0
[2016-06-05 01:42:47] EDIT BrainChaco/views/PreguntasController/index.html: 0
[2016-06-05 01:42:58] EDIT BrainChaco/views/PreguntasController/index.html: 0
[2016-06-05 01:44:00] EDIT BrainChaco/views/PreguntasController/index.html: 1
[2016-06-05 01:44:05] EDIT BrainChaco/views/PreguntasController/index.html: 0
[2016-06-05 01:45:26] EDIT BrainChaco/controllers/PreguntasController.py: 0
[2016-06-05 01:46:16] EDIT BrainChaco/controllers/PreguntasController.py: 0
[2016-06-05 01:46:52] EDIT BrainChaco/views/PreguntasController/index.html: 0
[2016-06-05 01:50:23] EDIT BrainChaco/controllers/PreguntasController.py: 0
[2016-06-05 01:50:56] EDIT BrainChaco/views/PreguntasController/index.html: 0
[2016-06-05 01:51:56] EDIT BrainChaco/controllers/PreguntasController.py: 0
[2016-06-05 01:52:26] EDIT BrainChaco/views/PreguntasController/index.html: 0
[2016-06-05 01:52:53] EDIT BrainChaco/views/PreguntasController/index.html: 0
[2016-06-05 01:55:51] EDIT BrainChaco/models/db.py: 0
[2016-06-05 01:56:29] EDIT BrainChaco/models/db.py: 0
[2016-06-05 02:05:01] EDIT BrainChaco/models/db.py: 3
[2016-06-05 02:06:12] EDIT BrainChaco/models/db.py: -3
[2016-06-05 02:07:16] EDIT BrainChaco/controllers/PreguntasController.py: 0
[2016-06-05 02:07:47] CREATE PreguntasModel.py: 0
[2016-06-05 23:17:44] EDIT BrainChaco/controllers/default.py: 0
[2016-06-05 23:17:56] EDIT BrainChaco/controllers/default.py: 0
[2016-06-05 23:28:19] EDIT BrainChaco/controllers/PreguntasController.py: 0
[2016-06-05 23:29:21] EDIT BrainChaco/models/db.py: 1
[2016-06-05 23:40:52] EDIT BrainChaco/views/PreguntasController/index.html: 0
[2016-06-05 23:41:29] EDIT BrainChaco/models/db.py: -1
[2016-06-05 23:45:50] EDIT BrainChaco/models/db.py: 0
[2016-06-05 23:48:02] EDIT BrainChaco/models/db.py: 0
[2016-06-05 23:51:43] EDIT BrainChaco/models/db.py: 3
[2016-06-05 23:52:32] EDIT BrainChaco/models/db.py: 0
[2016-06-05 23:53:59] EDIT BrainChaco/models/db.py: 0
[2016-06-05 23:54:04] EDIT BrainChaco/models/db.py: 0
[2016-06-06 09:29:42] EDIT BrainChaco/views/HomeController/index.html: 0
[2016-06-06 09:30:45] EDIT BrainChaco/views/HomeController/index.html: 0
[2016-06-06 09:31:34] EDIT BrainChaco/views/HomeController/index.html: 0
[2016-06-06 09:32:08] EDIT BrainChaco/views/HomeController/index.html: 0
[2016-06-06 09:33:19] EDIT BrainChaco/views/HomeController/index.html: 0
[2016-06-06 09:33:27] EDIT BrainChaco/views/HomeController/index.html: 0
[2016-06-06 09:33:51] EDIT BrainChaco/views/HomeController/index.html: 0
[2016-06-06 09:34:03] EDIT BrainChaco/views/HomeController/index.html: 0
[2016-06-06 09:34:35] EDIT BrainChaco/views/HomeController/index.html: 0
[2016-06-06 09:34:51] EDIT BrainChaco/views/HomeController/index.html: 0
[2016-06-06 09:35:00] EDIT BrainChaco/views/HomeController/index.html: 0
[2016-06-06 09:35:43] EDIT BrainChaco/views/HomeController/index.html: 0
[2016-06-06 09:35:59] EDIT BrainChaco/views/HomeController/index.html: 0
[2016-06-06 09:36:31] EDIT BrainChaco/views/HomeController/index.html: 0
[2016-06-06 09:36:43] EDIT BrainChaco/views/HomeController/index.html: 0
[2016-06-06 09:37:12] EDIT BrainChaco/views/HomeController/index.html: 0
[2016-06-06 09:38:54] EDIT BrainChaco/views/HomeController/index.html: 0
[2016-06-06 09:38:59] EDIT BrainChaco/views/HomeController/index.html: 0
[2016-06-06 09:39:21] EDIT BrainChaco/views/HomeController/index.html: 0
[2016-06-06 09:39:26] EDIT BrainChaco/views/HomeController/index.html: 0
[2016-06-06 09:39:33] EDIT BrainChaco/views/HomeController/index.html: 0
[2016-06-06 09:39:40] EDIT BrainChaco/views/HomeController/index.html: 0
[2016-06-06 09:41:11] EDIT BrainChaco/views/HomeController/index.html: 0
[2016-06-06 09:41:29] EDIT BrainChaco/views/HomeController/index.html: 0
[2016-06-06 09:42:50] EDIT BrainChaco/views/HomeController/index.html: 0
[2016-06-06 09:44:05] EDIT BrainChaco/views/HomeController/index.html: 0
[2016-06-06 09:47:08] EDIT BrainChaco/views/PreguntasController/index.html: -4
[2016-06-06 10:45:13] EDIT BrainChaco/models/db.py: -2
[2016-06-06 10:49:11] EDIT BrainChaco/models/db.py: -1
[2016-06-06 10:51:18] EDIT BrainChaco/models/db.py: 3
[2016-06-06 10:51:45] EDIT BrainChaco/models/db.py: 0
[2016-06-06 11:00:36] EDIT BrainChaco/models/db.py: 4
[2016-06-06 11:00:46] EDIT BrainChaco/models/db.py: 0
[2016-06-06 11:01:25] EDIT BrainChaco/models/db.py: -2
[2016-06-06 11:01:34] EDIT BrainChaco/models/db.py: 0
[2016-06-06 11:02:50] EDIT BrainChaco/models/db.py: -5
[2016-06-06 11:03:09] EDIT BrainChaco/models/db.py: 5
[2016-06-06 11:04:21] EDIT BrainChaco/models/db.py: -3
[2016-06-06 11:04:24] EDIT BrainChaco/models/db.py: 0
[2016-06-06 11:05:11] EDIT BrainChaco/models/db.py: 0
[2016-06-06 11:05:22] EDIT BrainChaco/models/db.py: 0
[2016-06-06 11:05:37] EDIT BrainChaco/models/db.py: 1
[2016-06-06 11:05:41] EDIT BrainChaco/models/db.py: 0
[2016-06-06 11:05:43] EDIT BrainChaco/models/db.py: 0
[2016-06-06 11:05:43] EDIT BrainChaco/models/db.py: 0
[2016-06-06 11:09:59] EDIT BrainChaco/models/db.py: 0
[2016-06-06 11:10:53] EDIT BrainChaco/models/db.py: 2
[2016-06-06 11:11:38] EDIT BrainChaco/models/db.py: 0
[2016-06-06 11:12:09] EDIT BrainChaco/models/db.py: 0
[2016-06-06 11:13:21] EDIT BrainChaco/models/db.py: -2
[2016-06-06 11:15:19] EDIT BrainChaco/models/db.py: 0
[2016-06-06 11:16:04] EDIT BrainChaco/models/db.py: 0
[2016-06-06 11:16:21] EDIT BrainChaco/models/db.py: 0
[2016-06-06 11:16:37] EDIT BrainChaco/models/db.py: 0
[2016-06-06 11:16:39] EDIT BrainChaco/models/db.py: 0
[2016-06-06 11:17:43] EDIT BrainChaco/models/db.py: 0
[2016-06-06 11:18:11] EDIT BrainChaco/models/db.py: -3
[2016-06-06 11:18:11] EDIT BrainChaco/models/db.py: 0
[2016-06-06 11:18:11] EDIT BrainChaco/models/db.py: 0
[2016-06-06 11:19:25] EDIT BrainChaco/models/db.py: 0
[2016-06-06 11:19:39] EDIT BrainChaco/models/db.py: 0
[2016-06-06 11:19:40] EDIT BrainChaco/models/db.py: 0
[2016-06-06 11:23:23] EDIT BrainChaco/models/db.py: 3
[2016-06-06 11:24:35] EDIT BrainChaco/models/db.py: -1
[2016-06-06 11:25:02] EDIT BrainChaco/models/db.py: 0
[2016-06-06 11:27:12] EDIT BrainChaco/models/db.py: -2
[2016-06-06 11:28:14] EDIT BrainChaco/models/db.py: 2
[2016-06-06 11:28:56] EDIT BrainChaco/models/db.py: 0
[2016-06-06 11:29:28] EDIT BrainChaco/models/db.py: -2
[2016-06-06 11:30:54] EDIT BrainChaco/models/db.py: 2
[2016-06-06 11:31:45] EDIT BrainChaco/models/db.py: 0
[2016-06-06 11:42:39] EDIT BrainChaco/models/db.py: 3
[2016-06-06 11:43:11] EDIT BrainChaco/models/db.py: 0
[2016-06-06 11:45:09] EDIT BrainChaco/models/db.py: 0
[2016-06-06 11:45:59] EDIT BrainChaco/models/db.py: -3
[2016-06-06 11:46:37] EDIT BrainChaco/models/db.py: 3
[2016-06-06 11:48:07] EDIT BrainChaco/models/db.py: 1
[2016-06-06 11:49:57] EDIT BrainChaco/models/db.py: 0
[2016-06-06 11:50:01] EDIT BrainChaco/models/db.py: 0
[2016-06-06 11:50:50] EDIT BrainChaco/models/db.py: -2
[2016-06-06 11:52:15] EDIT BrainChaco/models/db.py: 0
[2016-06-06 11:52:15] EDIT BrainChaco/models/db.py: 0
[2016-06-06 11:54:18] EDIT BrainChaco/models/db.py: 0
[2016-06-06 11:54:22] EDIT BrainChaco/models/db.py: 0
[2016-06-06 11:54:24] EDIT BrainChaco/models/db.py: 0
[2016-06-06 15:19:53] EDIT BrainChaco/models/db.py: -4
[2016-06-06 15:19:53] EDIT BrainChaco/models/db.py: 0
[2016-06-06 15:29:09] EDIT BrainChaco/models/PreguntasModel.py: 2
[2016-06-06 15:29:27] EDIT BrainChaco/models/PreguntasModel.py: 1
[2016-06-06 15:33:26] EDIT BrainChaco/models/PreguntasModel.py: -3
[2016-06-06 17:13:40] EDIT BrainChaco/models/db.py: 0
[2016-06-06 17:15:54] EDIT BrainChaco/models/db.py: 0
[2016-06-07 10:11:35] EDIT BrainChaco/models/db.py: 0
[2016-06-07 10:11:37] EDIT BrainChaco/models/db.py: 0
[2016-06-07 10:12:39] EDIT BrainChaco/models/db.py: 3
[2016-06-07 10:14:35] EDIT BrainChaco/models/db.py: -5
[2016-06-07 10:14:52] DELETE BrainChaco/models/PreguntasModel.py: 0
[2016-06-07 10:15:57] EDIT BrainChaco/models/db.py: 0
[2016-06-07 10:16:15] EDIT BrainChaco/models/db.py: 0
[2016-06-07 10:17:18] EDIT BrainChaco/models/db.py: 0
[2016-06-07 10:18:10] EDIT BrainChaco/models/db.py: 0
[2016-06-07 10:19:45] EDIT BrainChaco/models/db.py: 5
[2016-06-07 10:23:02] EDIT BrainChaco/models/db.py: 0
[2016-06-07 10:25:39] EDIT BrainChaco/models/db.py: 0
[2016-06-07 10:26:00] EDIT BrainChaco/models/db.py: 0
[2016-06-07 10:26:10] EDIT BrainChaco/models/db.py: 0
[2016-06-09 10:06:42] CREATE PreguntasController/ver.html: 0
[2016-06-22 14:20:56] CREATE MapaController/index.html: 0
[2016-06-29 16:42:37] EDIT BrainChaco/models/db.py: 5
[2016-06-29 16:43:29] EDIT BrainChaco/models/db.py: 0
[2016-06-29 16:43:29] EDIT BrainChaco/models/db.py: 0
[2016-06-29 16:52:55] EDIT BrainChaco/models/db.py: 0
[2016-06-29 16:52:55] EDIT BrainChaco/models/db.py: 0
[2016-07-12 10:11:11] EDIT BC/models/db.py: 23
[2016-07-12 10:11:11] EDIT BC/models/db.py: 0
[2016-07-12 10:11:12] EDIT BC/models/db.py: 0
[2016-07-12 10:11:46] EDIT BC/models/db.py: 0
[2016-07-12 10:15:26] EDIT BC/models/db.py: -6
[2016-07-12 10:17:01] EDIT BC/models/db.py: 0
[2016-07-12 10:17:33] EDIT BC/models/db.py: 6
[2016-07-12 10:18:07] EDIT BC/models/db.py: 0
[2016-07-12 10:18:07] EDIT BC/models/db.py: 0
[2016-07-12 10:18:07] EDIT BC/models/db.py: 0
[2016-07-12 10:18:07] EDIT BC/models/db.py: 0
[2016-07-12 10:18:08] EDIT BC/models/db.py: 0
[2016-07-12 10:18:08] EDIT BC/models/db.py: 0
[2016-07-12 10:18:09] EDIT BC/models/db.py: 0
[2016-07-12 10:18:09] EDIT BC/models/db.py: 0
[2016-07-12 10:18:09] EDIT BC/models/db.py: 0
[2016-07-12 10:18:09] EDIT BC/models/db.py: 0
[2016-07-12 10:18:09] EDIT BC/models/db.py: 0
[2016-07-12 10:18:09] EDIT BC/models/db.py: 0
[2016-07-12 10:18:10] EDIT BC/models/db.py: 0
[2016-07-12 10:19:29] EDIT BC/models/db.py: 0
[2016-07-12 10:19:29] EDIT BC/models/db.py: 0
[2016-07-12 10:19:30] EDIT BC/models/db.py: 0
[2016-07-12 10:19:30] EDIT BC/models/db.py: 0
[2016-07-12 10:23:06] EDIT BC/models/db.py: -6
[2016-07-12 10:23:07] EDIT BC/models/db.py: 0
[2016-07-12 10:23:20] EDIT BC/models/db.py: 6
[2016-07-12 10:23:22] EDIT BC/models/db.py: 0
